2025-08-27 19:54:09,521 INFO Worker started - monitoring incident queue
2025-08-27 19:54:29,887 DEBUG No messages received; continuing
2025-08-27 19:54:50,151 DEBUG No messages received; continuing
2025-08-27 19:55:10,341 DEBUG No messages received; continuing
2025-08-27 19:55:30,544 DEBUG No messages received; continuing
2025-08-27 19:55:50,808 DEBUG No messages received; continuing
2025-08-27 19:56:11,062 DEBUG No messages received; continuing
2025-08-27 19:56:31,266 DEBUG No messages received; continuing
2025-08-27 19:56:51,485 DEBUG No messages received; continuing
2025-08-27 19:56:59,040 INFO Worker started - monitoring incident queue
2025-08-27 19:56:59,041 INFO Worker started - monitoring incident queue
2025-08-27 19:56:59,041 INFO Worker started - monitoring incident queue
2025-08-27 19:57:19,460 DEBUG No messages received; continuing
2025-08-27 19:57:19,462 DEBUG No messages received; continuing
2025-08-27 19:57:19,466 DEBUG No messages received; continuing
2025-08-27 19:57:39,733 DEBUG No messages received; continuing
2025-08-27 19:57:39,734 DEBUG No messages received; continuing
2025-08-27 19:57:39,734 DEBUG No messages received; continuing
2025-08-27 19:58:04,226 INFO Worker started - monitoring incident queue
2025-08-27 19:58:04,226 INFO Worker started - monitoring incident queue
2025-08-27 19:58:04,226 INFO Worker started - monitoring incident queue
2025-08-27 19:58:04,226 INFO Worker started - monitoring incident queue
2025-08-27 19:58:04,226 INFO Worker started - monitoring incident queue
2025-08-27 19:58:04,227 INFO Worker started - monitoring incident queue
2025-08-27 19:58:04,227 INFO Worker started - monitoring incident queue
2025-08-27 19:58:04,227 INFO Worker started - monitoring incident queue
2025-08-27 19:58:04,227 INFO Worker started - monitoring incident queue
2025-08-27 19:58:04,227 INFO Worker started - monitoring incident queue
2025-08-27 19:58:25,258 DEBUG No messages received; continuing
2025-08-27 19:58:25,260 DEBUG No messages received; continuing
2025-08-27 19:58:25,262 DEBUG No messages received; continuing
2025-08-27 19:58:25,264 DEBUG No messages received; continuing
2025-08-27 19:58:25,306 DEBUG No messages received; continuing
2025-08-27 19:58:25,307 DEBUG No messages received; continuing
2025-08-27 19:58:25,310 DEBUG No messages received; continuing
2025-08-27 19:58:25,311 DEBUG No messages received; continuing
2025-08-27 19:58:25,312 DEBUG No messages received; continuing
2025-08-27 19:58:25,313 DEBUG No messages received; continuing
2025-09-01 17:02:04,151 INFO Worker started - monitoring incident queue
2025-09-01 17:02:04,152 INFO Worker started - monitoring incident queue
2025-09-01 17:02:04,152 INFO Worker started - monitoring incident queue
2025-09-01 17:02:04,152 INFO Worker started - monitoring incident queue
2025-09-01 17:02:04,152 INFO Worker started - monitoring incident queue
2025-09-01 17:02:04,152 INFO Worker started - monitoring incident queue
2025-09-01 17:02:04,152 INFO Worker started - monitoring incident queue
2025-09-01 17:02:04,152 INFO Worker started - monitoring incident queue
2025-09-01 17:02:04,152 INFO Worker started - monitoring incident queue
2025-09-01 17:02:04,152 INFO Worker started - monitoring incident queue
2025-09-01 17:03:01,893 INFO Worker started - monitoring incident queue
2025-09-01 17:03:01,893 INFO Worker started - monitoring incident queue
2025-09-01 17:03:01,893 INFO Worker started - monitoring incident queue
2025-09-01 17:03:01,893 INFO Worker started - monitoring incident queue
2025-09-01 17:03:01,893 INFO Worker started - monitoring incident queue
2025-09-01 17:03:01,894 INFO Worker started - monitoring incident queue
2025-09-01 17:03:01,894 INFO Worker started - monitoring incident queue
2025-09-01 17:03:01,894 INFO Worker started - monitoring incident queue
2025-09-01 17:03:01,894 INFO Worker started - monitoring incident queue
2025-09-01 17:03:01,894 INFO Worker started - monitoring incident queue
2025-09-01 17:03:24,903 INFO Worker started - monitoring incident queue
2025-09-01 17:03:45,256 DEBUG No messages received; continuing
2025-09-01 17:04:05,520 DEBUG No messages received; continuing
2025-09-01 17:04:25,960 DEBUG No messages received; continuing
2025-09-01 17:04:46,669 DEBUG No messages received; continuing
2025-09-01 17:05:06,956 DEBUG No messages received; continuing
2025-09-01 17:05:27,251 DEBUG No messages received; continuing
2025-09-01 17:05:47,556 DEBUG No messages received; continuing
2025-09-01 17:06:07,755 DEBUG No messages received; continuing
2025-09-01 17:06:27,988 DEBUG No messages received; continuing
2025-09-01 17:06:48,195 DEBUG No messages received; continuing
2025-09-01 17:07:08,447 DEBUG No messages received; continuing
2025-09-01 17:07:28,685 DEBUG No messages received; continuing
2025-09-01 17:07:48,939 DEBUG No messages received; continuing
2025-09-01 17:08:09,157 DEBUG No messages received; continuing
2025-09-01 17:08:29,384 DEBUG No messages received; continuing
2025-09-01 17:08:49,642 DEBUG No messages received; continuing
2025-09-01 17:09:09,863 DEBUG No messages received; continuing
2025-09-01 17:09:30,069 DEBUG No messages received; continuing
2025-09-01 17:09:50,267 DEBUG No messages received; continuing
2025-09-01 17:10:10,501 DEBUG No messages received; continuing
2025-09-01 17:10:30,766 DEBUG No messages received; continuing
2025-09-01 17:10:50,998 DEBUG No messages received; continuing
2025-09-01 17:11:11,248 DEBUG No messages received; continuing
2025-09-01 17:11:31,448 DEBUG No messages received; continuing
2025-09-01 17:11:51,695 DEBUG No messages received; continuing
2025-09-01 17:12:11,943 DEBUG No messages received; continuing
2025-09-01 17:12:32,169 DEBUG No messages received; continuing
2025-09-01 17:12:52,396 DEBUG No messages received; continuing
2025-09-01 17:13:12,647 DEBUG No messages received; continuing
2025-09-01 17:13:32,895 DEBUG No messages received; continuing
2025-09-01 17:13:53,121 DEBUG No messages received; continuing
2025-09-01 17:14:13,336 DEBUG No messages received; continuing
2025-09-01 17:14:33,605 DEBUG No messages received; continuing
2025-09-01 17:14:53,887 DEBUG No messages received; continuing
2025-09-01 17:15:14,125 DEBUG No messages received; continuing
2025-09-01 17:15:34,362 DEBUG No messages received; continuing
2025-09-01 17:15:54,589 DEBUG No messages received; continuing
2025-09-01 17:16:14,871 DEBUG No messages received; continuing
2025-09-01 17:16:35,204 DEBUG No messages received; continuing
2025-09-01 17:16:55,583 DEBUG No messages received; continuing
2025-09-01 17:17:15,858 DEBUG No messages received; continuing
2025-09-01 17:17:36,106 DEBUG No messages received; continuing
2025-09-01 17:17:56,375 DEBUG No messages received; continuing
2025-09-01 17:18:16,607 DEBUG No messages received; continuing
2025-09-01 17:18:37,012 DEBUG No messages received; continuing
2025-09-01 17:18:57,341 DEBUG No messages received; continuing
2025-09-01 17:19:17,578 DEBUG No messages received; continuing
2025-09-01 17:19:37,840 DEBUG No messages received; continuing
2025-09-01 17:19:58,152 DEBUG No messages received; continuing
2025-09-01 17:20:18,365 DEBUG No messages received; continuing
2025-09-01 17:20:38,714 DEBUG No messages received; continuing
2025-09-01 17:20:59,104 DEBUG No messages received; continuing
2025-09-01 17:21:19,336 DEBUG No messages received; continuing
2025-09-01 17:21:39,534 DEBUG No messages received; continuing
2025-09-01 17:21:59,761 DEBUG No messages received; continuing
2025-09-01 17:22:19,982 DEBUG No messages received; continuing
2025-09-01 17:22:40,227 DEBUG No messages received; continuing
2025-09-01 17:22:58,863 INFO Worker started - monitoring incident queue
2025-09-01 17:23:19,167 DEBUG No messages received; continuing
2025-09-01 17:23:39,394 DEBUG No messages received; continuing
2025-09-01 17:23:59,631 DEBUG No messages received; continuing
2025-09-01 17:24:17,133 INFO Worker started - monitoring incident queue
2025-09-01 17:24:37,516 DEBUG No messages received; continuing
2025-09-01 17:24:57,792 DEBUG No messages received; continuing
2025-09-01 17:25:18,065 DEBUG No messages received; continuing
2025-09-01 17:25:38,347 DEBUG No messages received; continuing
2025-09-01 17:25:58,564 DEBUG No messages received; continuing
2025-09-01 17:26:18,787 DEBUG No messages received; continuing
2025-09-01 17:26:39,023 DEBUG No messages received; continuing
2025-09-01 17:26:59,304 DEBUG No messages received; continuing
2025-09-01 17:27:19,620 DEBUG No messages received; continuing
2025-09-01 17:27:39,840 DEBUG No messages received; continuing
2025-09-01 17:28:00,166 DEBUG No messages received; continuing
2025-09-01 17:28:20,474 DEBUG No messages received; continuing
2025-09-01 17:28:40,754 DEBUG No messages received; continuing
2025-09-01 17:29:01,021 DEBUG No messages received; continuing
2025-09-01 17:29:21,376 DEBUG No messages received; continuing
2025-09-01 17:29:41,641 DEBUG No messages received; continuing
2025-09-01 17:30:01,923 DEBUG No messages received; continuing
2025-09-01 17:30:22,174 DEBUG No messages received; continuing
2025-09-01 17:30:42,478 DEBUG No messages received; continuing
2025-09-01 17:31:02,717 DEBUG No messages received; continuing
2025-09-01 17:31:23,000 DEBUG No messages received; continuing
2025-09-01 17:31:43,273 DEBUG No messages received; continuing
2025-09-01 17:32:03,529 DEBUG No messages received; continuing
2025-09-01 17:32:23,823 DEBUG No messages received; continuing
2025-09-01 17:32:44,130 DEBUG No messages received; continuing
2025-09-01 17:33:04,368 DEBUG No messages received; continuing
2025-09-01 17:33:24,619 DEBUG No messages received; continuing
2025-09-01 17:33:44,957 DEBUG No messages received; continuing
2025-09-01 17:34:05,232 DEBUG No messages received; continuing
2025-09-01 17:34:25,460 DEBUG No messages received; continuing
2025-09-01 17:34:45,691 DEBUG No messages received; continuing
2025-09-01 17:35:05,965 DEBUG No messages received; continuing
2025-09-01 17:35:26,188 DEBUG No messages received; continuing
2025-09-01 17:35:46,502 DEBUG No messages received; continuing
2025-09-01 17:36:06,758 DEBUG No messages received; continuing
2025-09-01 17:36:27,009 DEBUG No messages received; continuing
2025-09-01 17:36:47,290 DEBUG No messages received; continuing
2025-09-01 17:37:07,586 DEBUG No messages received; continuing
2025-09-01 17:37:27,808 DEBUG No messages received; continuing
2025-09-01 17:37:48,032 DEBUG No messages received; continuing
2025-09-01 17:38:08,299 DEBUG No messages received; continuing
2025-09-01 17:38:28,550 DEBUG No messages received; continuing
2025-09-01 17:38:48,756 DEBUG No messages received; continuing
2025-09-01 17:39:09,016 DEBUG No messages received; continuing
2025-09-01 17:39:29,316 DEBUG No messages received; continuing
2025-09-01 17:39:49,564 DEBUG No messages received; continuing
2025-09-01 17:40:09,831 DEBUG No messages received; continuing
2025-09-01 17:40:30,059 DEBUG No messages received; continuing
2025-09-01 17:40:50,310 DEBUG No messages received; continuing
2025-09-01 17:41:10,545 DEBUG No messages received; continuing
2025-09-01 17:41:30,833 DEBUG No messages received; continuing
2025-09-01 17:41:51,164 DEBUG No messages received; continuing
2025-09-01 17:42:11,442 DEBUG No messages received; continuing
2025-09-01 17:42:31,690 DEBUG No messages received; continuing
2025-09-01 17:42:51,929 DEBUG No messages received; continuing
2025-09-01 17:43:12,185 DEBUG No messages received; continuing
2025-09-01 17:43:32,434 DEBUG No messages received; continuing
2025-09-01 17:43:52,688 DEBUG No messages received; continuing
2025-09-01 17:44:16,718 INFO Worker started - monitoring incident queue
2025-09-01 17:44:38,518 INFO Worker started - monitoring incident queue
2025-09-01 17:44:58,790 DEBUG No messages received; continuing
2025-09-01 17:45:19,026 DEBUG No messages received; continuing
2025-09-01 17:45:39,283 DEBUG No messages received; continuing
2025-09-01 17:45:59,609 DEBUG No messages received; continuing
2025-09-01 17:46:19,859 DEBUG No messages received; continuing
2025-09-01 17:46:40,119 DEBUG No messages received; continuing
2025-09-01 17:47:00,411 DEBUG No messages received; continuing
2025-09-01 17:47:12,111 INFO Worker started - monitoring incident queue
2025-09-01 17:47:32,385 DEBUG No messages received; continuing
2025-09-01 17:47:52,643 DEBUG No messages received; continuing
2025-09-01 17:48:12,860 DEBUG No messages received; continuing
2025-09-01 17:48:23,728 INFO Worker started - monitoring incident queue
2025-09-01 17:48:44,059 DEBUG No messages received; continuing
2025-09-01 17:49:04,286 DEBUG No messages received; continuing
2025-09-01 17:49:24,523 DEBUG No messages received; continuing
2025-09-01 17:49:44,788 DEBUG No messages received; continuing
2025-09-01 17:50:05,146 DEBUG No messages received; continuing
2025-09-01 17:50:25,382 DEBUG No messages received; continuing
2025-09-01 17:50:45,607 DEBUG No messages received; continuing
2025-09-01 17:51:05,836 DEBUG No messages received; continuing
2025-09-01 17:51:26,093 DEBUG No messages received; continuing
2025-09-01 17:51:46,352 DEBUG No messages received; continuing
2025-09-01 17:52:06,610 DEBUG No messages received; continuing
2025-09-01 17:52:26,892 DEBUG No messages received; continuing
2025-09-01 17:52:47,198 DEBUG No messages received; continuing
2025-09-01 17:53:07,505 DEBUG No messages received; continuing
2025-09-01 17:53:27,758 DEBUG No messages received; continuing
2025-09-01 17:53:48,043 DEBUG No messages received; continuing
2025-09-01 17:54:08,372 DEBUG No messages received; continuing
2025-09-01 17:54:28,684 DEBUG No messages received; continuing
2025-09-01 17:54:48,969 DEBUG No messages received; continuing
2025-09-01 17:55:09,230 DEBUG No messages received; continuing
2025-09-01 17:55:29,558 DEBUG No messages received; continuing
2025-09-01 17:55:49,806 DEBUG No messages received; continuing
2025-09-01 17:56:10,100 DEBUG No messages received; continuing
2025-09-01 17:56:30,353 DEBUG No messages received; continuing
2025-09-01 17:56:50,604 DEBUG No messages received; continuing
2025-09-01 17:57:10,873 DEBUG No messages received; continuing
2025-09-01 17:57:31,119 DEBUG No messages received; continuing
2025-09-01 17:57:51,381 DEBUG No messages received; continuing
2025-09-01 17:58:11,642 DEBUG No messages received; continuing
2025-09-01 17:58:31,932 DEBUG No messages received; continuing
2025-09-01 17:58:52,199 DEBUG No messages received; continuing
2025-09-01 17:59:12,421 DEBUG No messages received; continuing
2025-09-01 17:59:32,750 DEBUG No messages received; continuing
2025-09-01 17:59:53,023 DEBUG No messages received; continuing
2025-09-01 18:00:13,259 DEBUG No messages received; continuing
2025-09-01 18:00:33,526 DEBUG No messages received; continuing
2025-09-01 18:00:53,859 DEBUG No messages received; continuing
2025-09-01 18:01:14,173 DEBUG No messages received; continuing
2025-09-01 18:01:34,460 DEBUG No messages received; continuing
2025-09-01 18:01:42,558 INFO Worker started - monitoring incident queue
2025-09-01 18:02:02,876 DEBUG No messages received; continuing
2025-09-01 18:02:23,124 DEBUG No messages received; continuing
2025-09-01 18:02:43,394 DEBUG No messages received; continuing
2025-09-01 18:03:03,670 DEBUG No messages received; continuing
2025-09-01 18:03:23,991 DEBUG No messages received; continuing
2025-09-01 18:03:44,253 DEBUG No messages received; continuing
2025-09-01 18:04:04,493 DEBUG No messages received; continuing
2025-09-01 18:04:13,032 INFO Worker started - monitoring incident queue
2025-09-01 18:04:33,324 DEBUG No messages received; continuing
2025-09-01 18:04:53,601 DEBUG No messages received; continuing
2025-09-01 18:05:13,868 DEBUG No messages received; continuing
2025-09-01 18:05:34,170 DEBUG No messages received; continuing
2025-09-01 18:05:54,447 DEBUG No messages received; continuing
2025-09-01 18:06:14,697 DEBUG No messages received; continuing
2025-09-01 18:06:34,949 DEBUG No messages received; continuing
2025-09-01 18:06:55,213 DEBUG No messages received; continuing
2025-09-01 18:07:15,436 DEBUG No messages received; continuing
2025-09-01 18:07:35,726 DEBUG No messages received; continuing
2025-09-01 18:07:42,633 INFO Worker started - monitoring incident queue
2025-09-01 18:08:02,941 DEBUG No messages received; continuing
2025-09-01 18:08:23,194 DEBUG No messages received; continuing
2025-09-01 18:08:43,471 DEBUG No messages received; continuing
2025-09-01 18:09:03,728 DEBUG No messages received; continuing
2025-09-01 18:09:23,971 DEBUG No messages received; continuing
2025-09-01 18:09:44,187 DEBUG No messages received; continuing
2025-09-01 18:10:04,399 DEBUG No messages received; continuing
2025-09-01 18:10:24,627 DEBUG No messages received; continuing
2025-09-01 18:10:44,917 DEBUG No messages received; continuing
2025-09-01 18:11:05,197 DEBUG No messages received; continuing
2025-09-01 18:11:25,449 DEBUG No messages received; continuing
2025-09-01 18:11:45,693 DEBUG No messages received; continuing
2025-09-01 18:12:05,923 DEBUG No messages received; continuing
2025-09-01 18:12:26,188 DEBUG No messages received; continuing
2025-09-01 18:12:32,656 INFO Worker started - monitoring incident queue
2025-09-01 18:12:52,985 DEBUG No messages received; continuing
2025-09-01 18:13:13,215 DEBUG No messages received; continuing
2025-09-01 18:13:33,477 DEBUG No messages received; continuing
2025-09-01 18:13:53,725 DEBUG No messages received; continuing
2025-09-01 18:14:13,982 DEBUG No messages received; continuing
2025-09-01 18:14:34,217 DEBUG No messages received; continuing
2025-09-01 18:14:54,501 DEBUG No messages received; continuing
2025-09-01 18:15:14,757 DEBUG No messages received; continuing
2025-09-01 18:15:35,005 DEBUG No messages received; continuing
2025-09-01 18:15:55,301 DEBUG No messages received; continuing
2025-09-01 18:16:15,613 DEBUG No messages received; continuing
2025-09-01 18:16:35,853 DEBUG No messages received; continuing
2025-09-01 18:16:56,093 DEBUG No messages received; continuing
2025-09-01 18:17:16,345 DEBUG No messages received; continuing
2025-09-01 18:17:36,597 DEBUG No messages received; continuing
2025-09-01 18:17:56,875 DEBUG No messages received; continuing
2025-09-01 18:18:17,158 DEBUG No messages received; continuing
2025-09-01 18:18:37,407 DEBUG No messages received; continuing
2025-09-01 18:18:57,648 DEBUG No messages received; continuing
2025-09-01 18:19:17,885 DEBUG No messages received; continuing
2025-09-01 18:19:38,136 DEBUG No messages received; continuing
2025-09-01 18:19:58,360 DEBUG No messages received; continuing
2025-09-01 18:20:18,626 DEBUG No messages received; continuing
2025-09-01 18:20:38,947 DEBUG No messages received; continuing
2025-09-01 18:20:59,189 DEBUG No messages received; continuing
2025-09-01 18:21:19,450 DEBUG No messages received; continuing
2025-09-01 18:21:39,738 DEBUG No messages received; continuing
2025-09-01 18:21:59,996 DEBUG No messages received; continuing
2025-09-01 18:22:20,233 DEBUG No messages received; continuing
2025-09-01 18:22:40,478 DEBUG No messages received; continuing
2025-09-01 18:23:00,773 DEBUG No messages received; continuing
2025-09-01 18:23:21,017 DEBUG No messages received; continuing
2025-09-01 18:23:41,319 DEBUG No messages received; continuing
2025-09-01 18:24:01,582 DEBUG No messages received; continuing
2025-09-01 18:24:21,791 DEBUG No messages received; continuing
2025-09-01 18:24:42,035 DEBUG No messages received; continuing
2025-09-01 18:25:02,327 DEBUG No messages received; continuing
2025-09-01 18:25:22,598 DEBUG No messages received; continuing
2025-09-01 18:25:42,848 DEBUG No messages received; continuing
2025-09-01 18:26:03,073 DEBUG No messages received; continuing
2025-09-01 18:26:23,422 DEBUG No messages received; continuing
2025-09-01 18:26:43,637 DEBUG No messages received; continuing
2025-09-01 18:27:03,918 DEBUG No messages received; continuing
2025-09-01 18:27:24,159 DEBUG No messages received; continuing
2025-09-01 18:27:44,367 DEBUG No messages received; continuing
2025-09-01 18:28:04,592 DEBUG No messages received; continuing
2025-09-01 18:28:24,826 DEBUG No messages received; continuing
2025-09-01 18:28:45,050 DEBUG No messages received; continuing
2025-09-01 18:29:05,320 DEBUG No messages received; continuing
2025-09-01 18:29:25,592 DEBUG No messages received; continuing
2025-09-01 18:29:45,798 DEBUG No messages received; continuing
2025-09-01 18:30:06,055 DEBUG No messages received; continuing
2025-09-01 18:30:26,294 DEBUG No messages received; continuing
2025-09-01 18:30:46,600 DEBUG No messages received; continuing
2025-09-01 18:31:06,888 DEBUG No messages received; continuing
2025-09-01 18:31:27,140 DEBUG No messages received; continuing
2025-09-01 18:31:47,422 DEBUG No messages received; continuing
2025-09-01 18:32:07,666 DEBUG No messages received; continuing
2025-09-01 18:32:27,906 DEBUG No messages received; continuing
2025-09-01 18:32:48,168 DEBUG No messages received; continuing
2025-09-01 18:33:08,467 DEBUG No messages received; continuing
2025-09-01 18:33:29,007 DEBUG No messages received; continuing
2025-09-01 18:33:49,292 DEBUG No messages received; continuing
2025-09-01 18:34:09,544 DEBUG No messages received; continuing
2025-09-01 18:34:29,783 DEBUG No messages received; continuing
2025-09-01 18:34:50,016 DEBUG No messages received; continuing
2025-09-01 18:35:10,283 DEBUG No messages received; continuing
2025-09-01 18:35:30,561 DEBUG No messages received; continuing
2025-09-01 18:35:50,771 DEBUG No messages received; continuing
2025-09-01 18:36:11,107 DEBUG No messages received; continuing
2025-09-01 18:36:31,494 DEBUG No messages received; continuing
2025-09-01 18:36:51,774 DEBUG No messages received; continuing
2025-09-01 18:37:12,054 DEBUG No messages received; continuing
2025-09-01 18:37:32,317 DEBUG No messages received; continuing
2025-09-01 18:37:52,605 DEBUG No messages received; continuing
2025-09-01 18:38:12,850 DEBUG No messages received; continuing
2025-09-01 18:38:33,107 DEBUG No messages received; continuing
2025-09-01 18:38:53,347 DEBUG No messages received; continuing
2025-09-01 18:39:13,582 DEBUG No messages received; continuing
2025-09-01 18:39:32,995 INFO Worker started - monitoring incident queue
2025-09-01 18:39:53,312 DEBUG No messages received; continuing
2025-09-01 18:40:13,571 DEBUG No messages received; continuing
2025-09-01 18:40:33,827 DEBUG No messages received; continuing
2025-09-01 18:40:54,087 DEBUG No messages received; continuing
2025-09-01 18:41:14,306 DEBUG No messages received; continuing
2025-09-01 18:41:34,554 DEBUG No messages received; continuing
2025-09-01 18:41:54,802 DEBUG No messages received; continuing
2025-09-01 18:42:15,145 DEBUG No messages received; continuing
2025-09-01 18:42:35,523 DEBUG No messages received; continuing
2025-09-01 18:42:55,766 DEBUG No messages received; continuing
2025-09-01 18:43:18,598 INFO Worker started - monitoring incident queue
2025-09-01 18:43:38,939 DEBUG No messages received; continuing
2025-09-01 18:43:59,191 DEBUG No messages received; continuing
2025-09-01 18:44:19,414 DEBUG No messages received; continuing
2025-09-01 18:44:39,715 DEBUG No messages received; continuing
2025-09-01 18:44:59,942 DEBUG No messages received; continuing
2025-09-01 18:45:20,205 DEBUG No messages received; continuing
2025-09-01 18:45:40,466 DEBUG No messages received; continuing
2025-09-01 18:46:00,739 DEBUG No messages received; continuing
2025-09-01 18:46:15,431 INFO Worker started - monitoring incident queue
2025-09-01 18:46:35,864 DEBUG No messages received; continuing
2025-09-01 18:46:56,087 DEBUG No messages received; continuing
2025-09-01 18:47:16,345 DEBUG No messages received; continuing
2025-09-01 18:47:36,586 DEBUG No messages received; continuing
2025-09-01 18:47:56,863 DEBUG No messages received; continuing
2025-09-01 18:48:17,089 DEBUG No messages received; continuing
2025-09-01 18:48:37,415 DEBUG No messages received; continuing
2025-09-01 18:48:57,737 DEBUG No messages received; continuing
2025-09-01 18:49:17,974 DEBUG No messages received; continuing
2025-09-01 18:49:38,170 DEBUG No messages received; continuing
2025-09-01 18:49:58,515 DEBUG No messages received; continuing
2025-09-01 18:50:18,775 DEBUG No messages received; continuing
2025-09-01 18:50:38,999 DEBUG No messages received; continuing
2025-09-01 18:50:59,261 DEBUG No messages received; continuing
2025-09-01 18:51:19,511 DEBUG No messages received; continuing
2025-09-01 18:51:39,768 DEBUG No messages received; continuing
2025-09-01 18:51:51,398 INFO Worker started - monitoring incident queue
2025-09-01 18:52:11,682 DEBUG No messages received; continuing
2025-09-01 18:52:31,893 DEBUG No messages received; continuing
2025-09-01 18:52:52,194 DEBUG No messages received; continuing
2025-09-01 18:53:12,442 DEBUG No messages received; continuing
2025-09-01 18:53:32,663 DEBUG No messages received; continuing
2025-09-01 18:53:52,898 DEBUG No messages received; continuing
2025-09-01 18:54:13,138 DEBUG No messages received; continuing
2025-09-01 18:54:29,793 INFO Worker started - monitoring incident queue
2025-09-01 18:54:50,104 DEBUG No messages received; continuing
2025-09-01 18:55:11,865 INFO Worker started - monitoring incident queue
2025-09-01 18:55:32,128 DEBUG No messages received; continuing
2025-09-01 18:55:52,398 DEBUG No messages received; continuing
2025-09-01 18:56:12,642 DEBUG No messages received; continuing
2025-09-01 18:56:32,898 DEBUG No messages received; continuing
2025-09-01 18:56:53,159 DEBUG No messages received; continuing
2025-09-01 18:57:13,429 DEBUG No messages received; continuing
2025-09-01 18:57:33,655 DEBUG No messages received; continuing
2025-09-01 18:57:53,886 DEBUG No messages received; continuing
2025-09-01 18:58:14,181 DEBUG No messages received; continuing
2025-09-01 18:58:34,444 DEBUG No messages received; continuing
2025-09-01 18:58:54,702 DEBUG No messages received; continuing
2025-09-01 18:59:14,938 DEBUG No messages received; continuing
2025-09-01 18:59:35,197 DEBUG No messages received; continuing
2025-09-01 18:59:55,482 DEBUG No messages received; continuing
2025-09-01 19:00:15,723 DEBUG No messages received; continuing
2025-09-01 19:00:35,963 DEBUG No messages received; continuing
2025-09-01 19:00:56,225 DEBUG No messages received; continuing
2025-09-01 19:01:16,450 DEBUG No messages received; continuing
2025-09-01 19:01:36,723 DEBUG No messages received; continuing
2025-09-01 19:01:57,006 DEBUG No messages received; continuing
2025-09-01 19:02:17,303 DEBUG No messages received; continuing
2025-09-01 19:02:37,541 DEBUG No messages received; continuing
2025-09-01 19:02:57,774 DEBUG No messages received; continuing
2025-09-01 19:03:18,041 DEBUG No messages received; continuing
2025-09-01 19:03:38,290 DEBUG No messages received; continuing
2025-09-01 19:03:58,535 DEBUG No messages received; continuing
2025-09-01 19:04:18,784 DEBUG No messages received; continuing
2025-09-01 19:04:39,000 DEBUG No messages received; continuing
2025-09-01 19:04:59,235 DEBUG No messages received; continuing
2025-09-01 19:05:19,460 DEBUG No messages received; continuing
2025-09-01 19:05:39,695 DEBUG No messages received; continuing
2025-09-01 19:05:59,962 DEBUG No messages received; continuing
2025-09-01 19:06:20,188 DEBUG No messages received; continuing
2025-09-01 19:06:40,512 DEBUG No messages received; continuing
2025-09-01 19:07:00,794 DEBUG No messages received; continuing
2025-09-01 19:07:21,041 DEBUG No messages received; continuing
2025-09-01 19:07:41,275 DEBUG No messages received; continuing
2025-09-01 19:08:01,525 DEBUG No messages received; continuing
2025-09-01 19:08:21,784 DEBUG No messages received; continuing
2025-09-01 19:08:41,997 DEBUG No messages received; continuing
2025-09-01 19:09:02,206 DEBUG No messages received; continuing
2025-09-01 19:09:22,494 DEBUG No messages received; continuing
2025-09-01 19:09:42,740 DEBUG No messages received; continuing
2025-09-01 19:10:03,074 DEBUG No messages received; continuing
2025-09-01 19:10:23,442 DEBUG No messages received; continuing
2025-09-01 19:10:43,692 DEBUG No messages received; continuing
2025-09-01 19:11:03,912 DEBUG No messages received; continuing
2025-09-01 19:11:24,139 DEBUG No messages received; continuing
2025-09-01 19:11:44,438 DEBUG No messages received; continuing
2025-09-01 19:12:04,712 DEBUG No messages received; continuing
2025-09-01 19:12:24,966 DEBUG No messages received; continuing
2025-09-01 19:12:45,236 DEBUG No messages received; continuing
2025-09-01 19:13:05,511 DEBUG No messages received; continuing
2025-09-01 19:13:25,784 DEBUG No messages received; continuing
2025-09-01 19:13:46,193 DEBUG No messages received; continuing
2025-09-01 19:14:06,475 DEBUG No messages received; continuing
2025-09-01 19:14:26,734 DEBUG No messages received; continuing
2025-09-01 19:14:46,972 DEBUG No messages received; continuing
2025-09-01 19:15:07,306 DEBUG No messages received; continuing
2025-09-01 19:15:27,607 DEBUG No messages received; continuing
2025-09-01 19:15:47,866 DEBUG No messages received; continuing
2025-09-01 19:16:08,120 DEBUG No messages received; continuing
2025-09-01 19:16:28,361 DEBUG No messages received; continuing
2025-09-01 19:16:48,611 DEBUG No messages received; continuing
2025-09-01 19:17:08,897 DEBUG No messages received; continuing
2025-09-01 19:17:29,155 DEBUG No messages received; continuing
2025-09-01 19:17:49,406 DEBUG No messages received; continuing
2025-09-01 19:18:09,661 DEBUG No messages received; continuing
2025-09-01 19:18:29,907 DEBUG No messages received; continuing
2025-09-01 19:18:50,142 DEBUG No messages received; continuing
2025-09-01 19:19:10,373 DEBUG No messages received; continuing
2025-09-01 19:19:30,659 DEBUG No messages received; continuing
2025-09-01 19:19:50,878 DEBUG No messages received; continuing
2025-09-01 19:20:11,121 DEBUG No messages received; continuing
2025-09-01 19:20:31,507 DEBUG No messages received; continuing
2025-09-01 19:20:51,739 DEBUG No messages received; continuing
2025-09-01 19:21:11,951 DEBUG No messages received; continuing
2025-09-01 19:21:32,218 DEBUG No messages received; continuing
2025-09-01 19:21:52,459 DEBUG No messages received; continuing
2025-09-01 19:21:56,797 INFO Worker started - monitoring incident queue
2025-09-01 19:22:17,128 DEBUG No messages received; continuing
2025-09-01 19:22:37,351 DEBUG No messages received; continuing
2025-09-01 19:22:57,725 DEBUG No messages received; continuing
2025-09-01 19:23:17,984 DEBUG No messages received; continuing
2025-09-01 19:23:38,208 DEBUG No messages received; continuing
2025-09-01 19:23:58,439 DEBUG No messages received; continuing
2025-09-01 19:24:16,918 INFO Worker started - monitoring incident queue
2025-09-01 19:24:37,228 DEBUG No messages received; continuing
2025-09-01 19:24:57,523 DEBUG No messages received; continuing
2025-09-01 19:25:17,844 DEBUG No messages received; continuing
2025-09-01 19:25:38,954 DEBUG No messages received; continuing
2025-09-01 19:26:01,358 DEBUG No messages received; continuing
2025-09-01 19:26:21,622 DEBUG No messages received; continuing
2025-09-01 19:26:41,855 DEBUG No messages received; continuing
2025-09-01 19:27:02,096 DEBUG No messages received; continuing
2025-09-01 19:27:22,337 DEBUG No messages received; continuing
2025-09-01 19:27:42,616 DEBUG No messages received; continuing
2025-09-01 19:28:02,848 DEBUG No messages received; continuing
2025-09-01 19:28:23,163 DEBUG No messages received; continuing
2025-09-01 19:28:43,431 DEBUG No messages received; continuing
2025-09-01 19:29:03,660 DEBUG No messages received; continuing
2025-09-01 19:29:10,507 INFO Worker started - monitoring incident queue
2025-09-01 19:29:30,778 DEBUG No messages received; continuing
2025-09-01 19:29:51,066 DEBUG No messages received; continuing
2025-09-01 19:30:11,308 DEBUG No messages received; continuing
2025-09-01 19:30:31,569 DEBUG No messages received; continuing
2025-09-01 19:30:51,843 DEBUG No messages received; continuing
2025-09-01 19:31:12,108 DEBUG No messages received; continuing
2025-09-01 19:31:32,378 DEBUG No messages received; continuing
2025-09-01 19:31:52,675 DEBUG No messages received; continuing
2025-09-01 19:32:12,889 DEBUG No messages received; continuing
2025-09-01 19:32:33,152 DEBUG No messages received; continuing
2025-09-01 19:32:53,403 DEBUG No messages received; continuing
2025-09-01 19:33:13,627 DEBUG No messages received; continuing
2025-09-01 19:33:33,864 DEBUG No messages received; continuing
2025-09-01 19:33:54,106 DEBUG No messages received; continuing
2025-09-01 19:34:14,394 DEBUG No messages received; continuing
2025-09-01 19:34:34,641 DEBUG No messages received; continuing
2025-09-01 19:34:54,952 DEBUG No messages received; continuing
2025-09-01 19:35:15,175 DEBUG No messages received; continuing
2025-09-01 19:35:35,409 DEBUG No messages received; continuing
2025-09-01 19:35:55,690 DEBUG No messages received; continuing
2025-09-01 19:36:15,989 DEBUG No messages received; continuing
2025-09-27 17:46:21,702 INFO Worker started - monitoring incident queue
2025-09-27 17:46:42,162 DEBUG No messages received; continuing
2025-09-27 17:47:02,423 DEBUG No messages received; continuing
2025-09-27 17:47:22,708 DEBUG No messages received; continuing
2025-09-27 17:47:43,047 DEBUG No messages received; continuing
2025-09-27 17:47:59,515 INFO Worker started - monitoring incident queue
2025-09-27 17:48:19,971 DEBUG No messages received; continuing
2025-09-27 17:48:40,205 DEBUG No messages received; continuing
2025-09-27 17:49:00,451 DEBUG No messages received; continuing
2025-09-27 17:49:20,772 DEBUG No messages received; continuing
2025-09-27 17:49:41,154 DEBUG No messages received; continuing
2025-09-27 17:50:01,432 DEBUG No messages received; continuing
2025-09-27 17:50:21,732 DEBUG No messages received; continuing
2025-09-27 17:50:44,447 INFO Worker started - monitoring incident queue
2025-09-27 17:51:04,915 DEBUG No messages received; continuing
2025-09-27 17:51:25,199 DEBUG No messages received; continuing
2025-09-27 17:51:45,472 DEBUG No messages received; continuing
2025-09-27 17:52:05,852 DEBUG No messages received; continuing
2025-09-27 17:52:26,113 DEBUG No messages received; continuing
2025-09-27 17:52:48,887 INFO Worker started - monitoring incident queue
2025-09-27 17:53:09,638 DEBUG No messages received; continuing
2025-09-27 17:53:29,921 DEBUG No messages received; continuing
2025-09-27 17:53:50,195 DEBUG No messages received; continuing
2025-09-27 17:54:10,479 DEBUG No messages received; continuing
2025-09-27 17:54:30,848 DEBUG No messages received; continuing
2025-09-27 17:54:51,130 DEBUG No messages received; continuing
2025-09-27 17:54:59,714 INFO Worker started - monitoring incident queue
2025-09-27 17:55:20,179 DEBUG No messages received; continuing
2025-09-27 17:55:40,429 DEBUG No messages received; continuing
2025-09-27 17:56:00,674 DEBUG No messages received; continuing
2025-09-27 17:56:22,890 INFO Worker started - monitoring incident queue
2025-09-27 17:56:43,318 DEBUG No messages received; continuing
2025-09-27 17:57:03,572 DEBUG No messages received; continuing
2025-09-27 17:57:23,831 DEBUG No messages received; continuing
2025-09-27 17:57:44,087 DEBUG No messages received; continuing
2025-09-27 17:58:04,354 DEBUG No messages received; continuing
2025-09-27 17:58:24,650 DEBUG No messages received; continuing
2025-09-27 17:58:44,962 DEBUG No messages received; continuing
2025-09-27 17:59:05,247 DEBUG No messages received; continuing
2025-09-27 17:59:25,568 DEBUG No messages received; continuing
2025-09-27 17:59:45,939 DEBUG No messages received; continuing
2025-09-27 18:00:06,210 DEBUG No messages received; continuing
2025-09-27 18:00:26,510 DEBUG No messages received; continuing
2025-09-27 18:00:46,759 DEBUG No messages received; continuing
2025-09-27 18:01:07,007 DEBUG No messages received; continuing
2025-09-27 18:01:27,315 DEBUG No messages received; continuing
2025-09-27 18:01:47,592 DEBUG No messages received; continuing
2025-09-27 18:02:07,870 DEBUG No messages received; continuing
2025-09-27 18:02:28,145 DEBUG No messages received; continuing
2025-09-27 18:02:48,524 DEBUG No messages received; continuing
2025-09-27 18:03:08,794 DEBUG No messages received; continuing
2025-09-27 18:03:29,070 DEBUG No messages received; continuing
2025-09-27 18:03:49,454 DEBUG No messages received; continuing
2025-09-27 18:04:09,730 DEBUG No messages received; continuing
2025-09-27 18:04:30,103 DEBUG No messages received; continuing
2025-09-27 18:04:50,423 DEBUG No messages received; continuing
2025-09-27 18:05:10,660 DEBUG No messages received; continuing
2025-09-27 18:05:30,948 DEBUG No messages received; continuing
2025-09-27 18:05:51,317 DEBUG No messages received; continuing
2025-09-27 18:06:11,576 DEBUG No messages received; continuing
2025-09-27 18:06:31,852 DEBUG No messages received; continuing
2025-09-27 18:06:52,175 DEBUG No messages received; continuing
2025-09-27 18:07:12,518 DEBUG No messages received; continuing
2025-09-27 18:07:32,785 DEBUG No messages received; continuing
2025-09-27 19:38:59,614 DEBUG No messages received; continuing
2025-09-27 21:11:36,789 ERROR Worker loop unexpected error: Could not connect to the endpoint URL: "https://sqs.ap-south-1.amazonaws.com/"
Traceback (most recent call last):
  File "/Users/madhushreegm/Desktop/infra.ai_backend/.venv/lib/python3.9/site-packages/urllib3/connection.py", line 174, in _new_conn
    conn = connection.create_connection(
  File "/Users/madhushreegm/Desktop/infra.ai_backend/.venv/lib/python3.9/site-packages/urllib3/util/connection.py", line 72, in create_connection
    for res in socket.getaddrinfo(host, port, family, socket.SOCK_STREAM):
  File "/Library/Developer/CommandLineTools/Library/Frameworks/Python3.framework/Versions/3.9/lib/python3.9/socket.py", line 953, in getaddrinfo
    for res in _socket.getaddrinfo(host, port, family, type, proto, flags):
socket.gaierror: [Errno 8] nodename nor servname provided, or not known

During handling of the above exception, another exception occurred:

Traceback (most recent call last):
  File "/Users/madhushreegm/Desktop/infra.ai_backend/.venv/lib/python3.9/site-packages/botocore/httpsession.py", line 464, in send
    urllib_response = conn.urlopen(
  File "/Users/madhushreegm/Desktop/infra.ai_backend/.venv/lib/python3.9/site-packages/urllib3/connectionpool.py", line 802, in urlopen
    retries = retries.increment(
  File "/Users/madhushreegm/Desktop/infra.ai_backend/.venv/lib/python3.9/site-packages/urllib3/util/retry.py", line 527, in increment
    raise six.reraise(type(error), error, _stacktrace)
  File "/Users/madhushreegm/Desktop/infra.ai_backend/.venv/lib/python3.9/site-packages/urllib3/packages/six.py", line 770, in reraise
    raise value
  File "/Users/madhushreegm/Desktop/infra.ai_backend/.venv/lib/python3.9/site-packages/urllib3/connectionpool.py", line 716, in urlopen
    httplib_response = self._make_request(
  File "/Users/madhushreegm/Desktop/infra.ai_backend/.venv/lib/python3.9/site-packages/urllib3/connectionpool.py", line 404, in _make_request
    self._validate_conn(conn)
  File "/Users/madhushreegm/Desktop/infra.ai_backend/.venv/lib/python3.9/site-packages/urllib3/connectionpool.py", line 1061, in _validate_conn
    conn.connect()
  File "/Users/madhushreegm/Desktop/infra.ai_backend/.venv/lib/python3.9/site-packages/urllib3/connection.py", line 363, in connect
    self.sock = conn = self._new_conn()
  File "/Users/madhushreegm/Desktop/infra.ai_backend/.venv/lib/python3.9/site-packages/urllib3/connection.py", line 186, in _new_conn
    raise NewConnectionError(
urllib3.exceptions.NewConnectionError: <botocore.awsrequest.AWSHTTPSConnection object at 0x1178043a0>: Failed to establish a new connection: [Errno 8] nodename nor servname provided, or not known

During handling of the above exception, another exception occurred:

Traceback (most recent call last):
  File "/Users/madhushreegm/Desktop/infra.ai_backend copy/worker.py", line 509, in worker_loop
    messages = queue.receive_messages(
  File "/Users/madhushreegm/Desktop/infra.ai_backend/.venv/lib/python3.9/site-packages/boto3/resources/factory.py", line 581, in do_action
    response = action(self, *args, **kwargs)
  File "/Users/madhushreegm/Desktop/infra.ai_backend/.venv/lib/python3.9/site-packages/boto3/resources/action.py", line 88, in __call__
    response = getattr(parent.meta.client, operation_name)(*args, **params)
  File "/Users/madhushreegm/Desktop/infra.ai_backend/.venv/lib/python3.9/site-packages/botocore/client.py", line 569, in _api_call
    return self._make_api_call(operation_name, kwargs)
  File "/Users/madhushreegm/Desktop/infra.ai_backend/.venv/lib/python3.9/site-packages/botocore/client.py", line 1005, in _make_api_call
    http, parsed_response = self._make_request(
  File "/Users/madhushreegm/Desktop/infra.ai_backend/.venv/lib/python3.9/site-packages/botocore/client.py", line 1029, in _make_request
    return self._endpoint.make_request(operation_model, request_dict)
  File "/Users/madhushreegm/Desktop/infra.ai_backend/.venv/lib/python3.9/site-packages/botocore/endpoint.py", line 119, in make_request
    return self._send_request(request_dict, operation_model)
  File "/Users/madhushreegm/Desktop/infra.ai_backend/.venv/lib/python3.9/site-packages/botocore/endpoint.py", line 200, in _send_request
    while self._needs_retry(
  File "/Users/madhushreegm/Desktop/infra.ai_backend/.venv/lib/python3.9/site-packages/botocore/endpoint.py", line 360, in _needs_retry
    responses = self._event_emitter.emit(
  File "/Users/madhushreegm/Desktop/infra.ai_backend/.venv/lib/python3.9/site-packages/botocore/hooks.py", line 412, in emit
    return self._emitter.emit(aliased_event_name, **kwargs)
  File "/Users/madhushreegm/Desktop/infra.ai_backend/.venv/lib/python3.9/site-packages/botocore/hooks.py", line 256, in emit
    return self._emit(event_name, kwargs)
  File "/Users/madhushreegm/Desktop/infra.ai_backend/.venv/lib/python3.9/site-packages/botocore/hooks.py", line 239, in _emit
    response = handler(**kwargs)
  File "/Users/madhushreegm/Desktop/infra.ai_backend/.venv/lib/python3.9/site-packages/botocore/retryhandler.py", line 207, in __call__
    if self._checker(**checker_kwargs):
  File "/Users/madhushreegm/Desktop/infra.ai_backend/.venv/lib/python3.9/site-packages/botocore/retryhandler.py", line 284, in __call__
    should_retry = self._should_retry(
  File "/Users/madhushreegm/Desktop/infra.ai_backend/.venv/lib/python3.9/site-packages/botocore/retryhandler.py", line 320, in _should_retry
    return self._checker(attempt_number, response, caught_exception)
  File "/Users/madhushreegm/Desktop/infra.ai_backend/.venv/lib/python3.9/site-packages/botocore/retryhandler.py", line 363, in __call__
    checker_response = checker(
  File "/Users/madhushreegm/Desktop/infra.ai_backend/.venv/lib/python3.9/site-packages/botocore/retryhandler.py", line 247, in __call__
    return self._check_caught_exception(
  File "/Users/madhushreegm/Desktop/infra.ai_backend/.venv/lib/python3.9/site-packages/botocore/retryhandler.py", line 416, in _check_caught_exception
    raise caught_exception
  File "/Users/madhushreegm/Desktop/infra.ai_backend/.venv/lib/python3.9/site-packages/botocore/endpoint.py", line 279, in _do_get_response
    http_response = self._send(request)
  File "/Users/madhushreegm/Desktop/infra.ai_backend/.venv/lib/python3.9/site-packages/botocore/endpoint.py", line 383, in _send
    return self.http_session.send(request)
  File "/Users/madhushreegm/Desktop/infra.ai_backend/.venv/lib/python3.9/site-packages/botocore/httpsession.py", line 493, in send
    raise EndpointConnectionError(endpoint_url=request.url, error=e)
botocore.exceptions.EndpointConnectionError: Could not connect to the endpoint URL: "https://sqs.ap-south-1.amazonaws.com/"
2025-09-27 22:32:05,620 DEBUG No messages received; continuing
2025-09-28 04:31:11,540 ERROR Worker loop unexpected error: Read timeout on endpoint URL: "https://sqs.ap-south-1.amazonaws.com/"
Traceback (most recent call last):
  File "/Users/madhushreegm/Desktop/infra.ai_backend/.venv/lib/python3.9/site-packages/urllib3/connectionpool.py", line 468, in _make_request
    six.raise_from(e, None)
  File "<string>", line 3, in raise_from
  File "/Users/madhushreegm/Desktop/infra.ai_backend/.venv/lib/python3.9/site-packages/urllib3/connectionpool.py", line 463, in _make_request
    httplib_response = conn.getresponse()
  File "/Library/Developer/CommandLineTools/Library/Frameworks/Python3.framework/Versions/3.9/lib/python3.9/http/client.py", line 1349, in getresponse
    response.begin()
  File "/Library/Developer/CommandLineTools/Library/Frameworks/Python3.framework/Versions/3.9/lib/python3.9/http/client.py", line 316, in begin
    version, status, reason = self._read_status()
  File "/Library/Developer/CommandLineTools/Library/Frameworks/Python3.framework/Versions/3.9/lib/python3.9/http/client.py", line 277, in _read_status
    line = str(self.fp.readline(_MAXLINE + 1), "iso-8859-1")
  File "/Library/Developer/CommandLineTools/Library/Frameworks/Python3.framework/Versions/3.9/lib/python3.9/socket.py", line 704, in readinto
    return self._sock.recv_into(b)
  File "/Library/Developer/CommandLineTools/Library/Frameworks/Python3.framework/Versions/3.9/lib/python3.9/ssl.py", line 1241, in recv_into
    return self.read(nbytes, buffer)
  File "/Library/Developer/CommandLineTools/Library/Frameworks/Python3.framework/Versions/3.9/lib/python3.9/ssl.py", line 1099, in read
    return self._sslobj.read(len, buffer)
socket.timeout: The read operation timed out

During handling of the above exception, another exception occurred:

Traceback (most recent call last):
  File "/Users/madhushreegm/Desktop/infra.ai_backend/.venv/lib/python3.9/site-packages/botocore/httpsession.py", line 464, in send
    urllib_response = conn.urlopen(
  File "/Users/madhushreegm/Desktop/infra.ai_backend/.venv/lib/python3.9/site-packages/urllib3/connectionpool.py", line 802, in urlopen
    retries = retries.increment(
  File "/Users/madhushreegm/Desktop/infra.ai_backend/.venv/lib/python3.9/site-packages/urllib3/util/retry.py", line 527, in increment
    raise six.reraise(type(error), error, _stacktrace)
  File "/Users/madhushreegm/Desktop/infra.ai_backend/.venv/lib/python3.9/site-packages/urllib3/packages/six.py", line 770, in reraise
    raise value
  File "/Users/madhushreegm/Desktop/infra.ai_backend/.venv/lib/python3.9/site-packages/urllib3/connectionpool.py", line 716, in urlopen
    httplib_response = self._make_request(
  File "/Users/madhushreegm/Desktop/infra.ai_backend/.venv/lib/python3.9/site-packages/urllib3/connectionpool.py", line 470, in _make_request
    self._raise_timeout(err=e, url=url, timeout_value=read_timeout)
  File "/Users/madhushreegm/Desktop/infra.ai_backend/.venv/lib/python3.9/site-packages/urllib3/connectionpool.py", line 358, in _raise_timeout
    raise ReadTimeoutError(
urllib3.exceptions.ReadTimeoutError: AWSHTTPSConnectionPool(host='sqs.ap-south-1.amazonaws.com', port=443): Read timed out. (read timeout=60)

During handling of the above exception, another exception occurred:

Traceback (most recent call last):
  File "/Users/madhushreegm/Desktop/infra.ai_backend copy/worker.py", line 509, in worker_loop
    messages = queue.receive_messages(
  File "/Users/madhushreegm/Desktop/infra.ai_backend/.venv/lib/python3.9/site-packages/boto3/resources/factory.py", line 581, in do_action
    response = action(self, *args, **kwargs)
  File "/Users/madhushreegm/Desktop/infra.ai_backend/.venv/lib/python3.9/site-packages/boto3/resources/action.py", line 88, in __call__
    response = getattr(parent.meta.client, operation_name)(*args, **params)
  File "/Users/madhushreegm/Desktop/infra.ai_backend/.venv/lib/python3.9/site-packages/botocore/client.py", line 569, in _api_call
    return self._make_api_call(operation_name, kwargs)
  File "/Users/madhushreegm/Desktop/infra.ai_backend/.venv/lib/python3.9/site-packages/botocore/client.py", line 1005, in _make_api_call
    http, parsed_response = self._make_request(
  File "/Users/madhushreegm/Desktop/infra.ai_backend/.venv/lib/python3.9/site-packages/botocore/client.py", line 1029, in _make_request
    return self._endpoint.make_request(operation_model, request_dict)
  File "/Users/madhushreegm/Desktop/infra.ai_backend/.venv/lib/python3.9/site-packages/botocore/endpoint.py", line 119, in make_request
    return self._send_request(request_dict, operation_model)
  File "/Users/madhushreegm/Desktop/infra.ai_backend/.venv/lib/python3.9/site-packages/botocore/endpoint.py", line 200, in _send_request
    while self._needs_retry(
  File "/Users/madhushreegm/Desktop/infra.ai_backend/.venv/lib/python3.9/site-packages/botocore/endpoint.py", line 360, in _needs_retry
    responses = self._event_emitter.emit(
  File "/Users/madhushreegm/Desktop/infra.ai_backend/.venv/lib/python3.9/site-packages/botocore/hooks.py", line 412, in emit
    return self._emitter.emit(aliased_event_name, **kwargs)
  File "/Users/madhushreegm/Desktop/infra.ai_backend/.venv/lib/python3.9/site-packages/botocore/hooks.py", line 256, in emit
    return self._emit(event_name, kwargs)
  File "/Users/madhushreegm/Desktop/infra.ai_backend/.venv/lib/python3.9/site-packages/botocore/hooks.py", line 239, in _emit
    response = handler(**kwargs)
  File "/Users/madhushreegm/Desktop/infra.ai_backend/.venv/lib/python3.9/site-packages/botocore/retryhandler.py", line 207, in __call__
    if self._checker(**checker_kwargs):
  File "/Users/madhushreegm/Desktop/infra.ai_backend/.venv/lib/python3.9/site-packages/botocore/retryhandler.py", line 284, in __call__
    should_retry = self._should_retry(
  File "/Users/madhushreegm/Desktop/infra.ai_backend/.venv/lib/python3.9/site-packages/botocore/retryhandler.py", line 320, in _should_retry
    return self._checker(attempt_number, response, caught_exception)
  File "/Users/madhushreegm/Desktop/infra.ai_backend/.venv/lib/python3.9/site-packages/botocore/retryhandler.py", line 363, in __call__
    checker_response = checker(
  File "/Users/madhushreegm/Desktop/infra.ai_backend/.venv/lib/python3.9/site-packages/botocore/retryhandler.py", line 247, in __call__
    return self._check_caught_exception(
  File "/Users/madhushreegm/Desktop/infra.ai_backend/.venv/lib/python3.9/site-packages/botocore/retryhandler.py", line 416, in _check_caught_exception
    raise caught_exception
  File "/Users/madhushreegm/Desktop/infra.ai_backend/.venv/lib/python3.9/site-packages/botocore/endpoint.py", line 279, in _do_get_response
    http_response = self._send(request)
  File "/Users/madhushreegm/Desktop/infra.ai_backend/.venv/lib/python3.9/site-packages/botocore/endpoint.py", line 383, in _send
    return self.http_session.send(request)
  File "/Users/madhushreegm/Desktop/infra.ai_backend/.venv/lib/python3.9/site-packages/botocore/httpsession.py", line 501, in send
    raise ReadTimeoutError(endpoint_url=request.url, error=e)
botocore.exceptions.ReadTimeoutError: Read timeout on endpoint URL: "https://sqs.ap-south-1.amazonaws.com/"
2025-09-28 10:27:41,696 ERROR Worker loop unexpected error: Read timeout on endpoint URL: "https://sqs.ap-south-1.amazonaws.com/"
Traceback (most recent call last):
  File "/Users/madhushreegm/Desktop/infra.ai_backend/.venv/lib/python3.9/site-packages/urllib3/connectionpool.py", line 468, in _make_request
    six.raise_from(e, None)
  File "<string>", line 3, in raise_from
  File "/Users/madhushreegm/Desktop/infra.ai_backend/.venv/lib/python3.9/site-packages/urllib3/connectionpool.py", line 463, in _make_request
    httplib_response = conn.getresponse()
  File "/Library/Developer/CommandLineTools/Library/Frameworks/Python3.framework/Versions/3.9/lib/python3.9/http/client.py", line 1349, in getresponse
    response.begin()
  File "/Library/Developer/CommandLineTools/Library/Frameworks/Python3.framework/Versions/3.9/lib/python3.9/http/client.py", line 316, in begin
    version, status, reason = self._read_status()
  File "/Library/Developer/CommandLineTools/Library/Frameworks/Python3.framework/Versions/3.9/lib/python3.9/http/client.py", line 277, in _read_status
    line = str(self.fp.readline(_MAXLINE + 1), "iso-8859-1")
  File "/Library/Developer/CommandLineTools/Library/Frameworks/Python3.framework/Versions/3.9/lib/python3.9/socket.py", line 704, in readinto
    return self._sock.recv_into(b)
  File "/Library/Developer/CommandLineTools/Library/Frameworks/Python3.framework/Versions/3.9/lib/python3.9/ssl.py", line 1241, in recv_into
    return self.read(nbytes, buffer)
  File "/Library/Developer/CommandLineTools/Library/Frameworks/Python3.framework/Versions/3.9/lib/python3.9/ssl.py", line 1099, in read
    return self._sslobj.read(len, buffer)
socket.timeout: The read operation timed out

During handling of the above exception, another exception occurred:

Traceback (most recent call last):
  File "/Users/madhushreegm/Desktop/infra.ai_backend/.venv/lib/python3.9/site-packages/botocore/httpsession.py", line 464, in send
    urllib_response = conn.urlopen(
  File "/Users/madhushreegm/Desktop/infra.ai_backend/.venv/lib/python3.9/site-packages/urllib3/connectionpool.py", line 802, in urlopen
    retries = retries.increment(
  File "/Users/madhushreegm/Desktop/infra.ai_backend/.venv/lib/python3.9/site-packages/urllib3/util/retry.py", line 527, in increment
    raise six.reraise(type(error), error, _stacktrace)
  File "/Users/madhushreegm/Desktop/infra.ai_backend/.venv/lib/python3.9/site-packages/urllib3/packages/six.py", line 770, in reraise
    raise value
  File "/Users/madhushreegm/Desktop/infra.ai_backend/.venv/lib/python3.9/site-packages/urllib3/connectionpool.py", line 716, in urlopen
    httplib_response = self._make_request(
  File "/Users/madhushreegm/Desktop/infra.ai_backend/.venv/lib/python3.9/site-packages/urllib3/connectionpool.py", line 470, in _make_request
    self._raise_timeout(err=e, url=url, timeout_value=read_timeout)
  File "/Users/madhushreegm/Desktop/infra.ai_backend/.venv/lib/python3.9/site-packages/urllib3/connectionpool.py", line 358, in _raise_timeout
    raise ReadTimeoutError(
urllib3.exceptions.ReadTimeoutError: AWSHTTPSConnectionPool(host='sqs.ap-south-1.amazonaws.com', port=443): Read timed out. (read timeout=60)

During handling of the above exception, another exception occurred:

Traceback (most recent call last):
  File "/Users/madhushreegm/Desktop/infra.ai_backend copy/worker.py", line 509, in worker_loop
    messages = queue.receive_messages(
  File "/Users/madhushreegm/Desktop/infra.ai_backend/.venv/lib/python3.9/site-packages/boto3/resources/factory.py", line 581, in do_action
    response = action(self, *args, **kwargs)
  File "/Users/madhushreegm/Desktop/infra.ai_backend/.venv/lib/python3.9/site-packages/boto3/resources/action.py", line 88, in __call__
    response = getattr(parent.meta.client, operation_name)(*args, **params)
  File "/Users/madhushreegm/Desktop/infra.ai_backend/.venv/lib/python3.9/site-packages/botocore/client.py", line 569, in _api_call
    return self._make_api_call(operation_name, kwargs)
  File "/Users/madhushreegm/Desktop/infra.ai_backend/.venv/lib/python3.9/site-packages/botocore/client.py", line 1005, in _make_api_call
    http, parsed_response = self._make_request(
  File "/Users/madhushreegm/Desktop/infra.ai_backend/.venv/lib/python3.9/site-packages/botocore/client.py", line 1029, in _make_request
    return self._endpoint.make_request(operation_model, request_dict)
  File "/Users/madhushreegm/Desktop/infra.ai_backend/.venv/lib/python3.9/site-packages/botocore/endpoint.py", line 119, in make_request
    return self._send_request(request_dict, operation_model)
  File "/Users/madhushreegm/Desktop/infra.ai_backend/.venv/lib/python3.9/site-packages/botocore/endpoint.py", line 200, in _send_request
    while self._needs_retry(
  File "/Users/madhushreegm/Desktop/infra.ai_backend/.venv/lib/python3.9/site-packages/botocore/endpoint.py", line 360, in _needs_retry
    responses = self._event_emitter.emit(
  File "/Users/madhushreegm/Desktop/infra.ai_backend/.venv/lib/python3.9/site-packages/botocore/hooks.py", line 412, in emit
    return self._emitter.emit(aliased_event_name, **kwargs)
  File "/Users/madhushreegm/Desktop/infra.ai_backend/.venv/lib/python3.9/site-packages/botocore/hooks.py", line 256, in emit
    return self._emit(event_name, kwargs)
  File "/Users/madhushreegm/Desktop/infra.ai_backend/.venv/lib/python3.9/site-packages/botocore/hooks.py", line 239, in _emit
    response = handler(**kwargs)
  File "/Users/madhushreegm/Desktop/infra.ai_backend/.venv/lib/python3.9/site-packages/botocore/retryhandler.py", line 207, in __call__
    if self._checker(**checker_kwargs):
  File "/Users/madhushreegm/Desktop/infra.ai_backend/.venv/lib/python3.9/site-packages/botocore/retryhandler.py", line 284, in __call__
    should_retry = self._should_retry(
  File "/Users/madhushreegm/Desktop/infra.ai_backend/.venv/lib/python3.9/site-packages/botocore/retryhandler.py", line 320, in _should_retry
    return self._checker(attempt_number, response, caught_exception)
  File "/Users/madhushreegm/Desktop/infra.ai_backend/.venv/lib/python3.9/site-packages/botocore/retryhandler.py", line 363, in __call__
    checker_response = checker(
  File "/Users/madhushreegm/Desktop/infra.ai_backend/.venv/lib/python3.9/site-packages/botocore/retryhandler.py", line 247, in __call__
    return self._check_caught_exception(
  File "/Users/madhushreegm/Desktop/infra.ai_backend/.venv/lib/python3.9/site-packages/botocore/retryhandler.py", line 416, in _check_caught_exception
    raise caught_exception
  File "/Users/madhushreegm/Desktop/infra.ai_backend/.venv/lib/python3.9/site-packages/botocore/endpoint.py", line 279, in _do_get_response
    http_response = self._send(request)
  File "/Users/madhushreegm/Desktop/infra.ai_backend/.venv/lib/python3.9/site-packages/botocore/endpoint.py", line 383, in _send
    return self.http_session.send(request)
  File "/Users/madhushreegm/Desktop/infra.ai_backend/.venv/lib/python3.9/site-packages/botocore/httpsession.py", line 501, in send
    raise ReadTimeoutError(endpoint_url=request.url, error=e)
botocore.exceptions.ReadTimeoutError: Read timeout on endpoint URL: "https://sqs.ap-south-1.amazonaws.com/"
2025-09-28 12:15:51,120 DEBUG No messages received; continuing
2025-09-28 13:35:13,116 DEBUG No messages received; continuing
2025-09-28 14:16:40,451 DEBUG No messages received; continuing
2025-09-28 15:02:32,311 DEBUG No messages received; continuing
2025-09-28 18:37:59,429 ERROR Worker loop unexpected error: Read timeout on endpoint URL: "https://sqs.ap-south-1.amazonaws.com/"
Traceback (most recent call last):
  File "/Users/madhushreegm/Desktop/infra.ai_backend/.venv/lib/python3.9/site-packages/urllib3/connectionpool.py", line 468, in _make_request
    six.raise_from(e, None)
  File "<string>", line 3, in raise_from
  File "/Users/madhushreegm/Desktop/infra.ai_backend/.venv/lib/python3.9/site-packages/urllib3/connectionpool.py", line 463, in _make_request
    httplib_response = conn.getresponse()
  File "/Library/Developer/CommandLineTools/Library/Frameworks/Python3.framework/Versions/3.9/lib/python3.9/http/client.py", line 1349, in getresponse
    response.begin()
  File "/Library/Developer/CommandLineTools/Library/Frameworks/Python3.framework/Versions/3.9/lib/python3.9/http/client.py", line 316, in begin
    version, status, reason = self._read_status()
  File "/Library/Developer/CommandLineTools/Library/Frameworks/Python3.framework/Versions/3.9/lib/python3.9/http/client.py", line 277, in _read_status
    line = str(self.fp.readline(_MAXLINE + 1), "iso-8859-1")
  File "/Library/Developer/CommandLineTools/Library/Frameworks/Python3.framework/Versions/3.9/lib/python3.9/socket.py", line 704, in readinto
    return self._sock.recv_into(b)
  File "/Library/Developer/CommandLineTools/Library/Frameworks/Python3.framework/Versions/3.9/lib/python3.9/ssl.py", line 1241, in recv_into
    return self.read(nbytes, buffer)
  File "/Library/Developer/CommandLineTools/Library/Frameworks/Python3.framework/Versions/3.9/lib/python3.9/ssl.py", line 1099, in read
    return self._sslobj.read(len, buffer)
socket.timeout: The read operation timed out

During handling of the above exception, another exception occurred:

Traceback (most recent call last):
  File "/Users/madhushreegm/Desktop/infra.ai_backend/.venv/lib/python3.9/site-packages/botocore/httpsession.py", line 464, in send
    urllib_response = conn.urlopen(
  File "/Users/madhushreegm/Desktop/infra.ai_backend/.venv/lib/python3.9/site-packages/urllib3/connectionpool.py", line 802, in urlopen
    retries = retries.increment(
  File "/Users/madhushreegm/Desktop/infra.ai_backend/.venv/lib/python3.9/site-packages/urllib3/util/retry.py", line 527, in increment
    raise six.reraise(type(error), error, _stacktrace)
  File "/Users/madhushreegm/Desktop/infra.ai_backend/.venv/lib/python3.9/site-packages/urllib3/packages/six.py", line 770, in reraise
    raise value
  File "/Users/madhushreegm/Desktop/infra.ai_backend/.venv/lib/python3.9/site-packages/urllib3/connectionpool.py", line 716, in urlopen
    httplib_response = self._make_request(
  File "/Users/madhushreegm/Desktop/infra.ai_backend/.venv/lib/python3.9/site-packages/urllib3/connectionpool.py", line 470, in _make_request
    self._raise_timeout(err=e, url=url, timeout_value=read_timeout)
  File "/Users/madhushreegm/Desktop/infra.ai_backend/.venv/lib/python3.9/site-packages/urllib3/connectionpool.py", line 358, in _raise_timeout
    raise ReadTimeoutError(
urllib3.exceptions.ReadTimeoutError: AWSHTTPSConnectionPool(host='sqs.ap-south-1.amazonaws.com', port=443): Read timed out. (read timeout=60)

During handling of the above exception, another exception occurred:

Traceback (most recent call last):
  File "/Users/madhushreegm/Desktop/infra.ai_backend copy/worker.py", line 509, in worker_loop
    messages = queue.receive_messages(
  File "/Users/madhushreegm/Desktop/infra.ai_backend/.venv/lib/python3.9/site-packages/boto3/resources/factory.py", line 581, in do_action
    response = action(self, *args, **kwargs)
  File "/Users/madhushreegm/Desktop/infra.ai_backend/.venv/lib/python3.9/site-packages/boto3/resources/action.py", line 88, in __call__
    response = getattr(parent.meta.client, operation_name)(*args, **params)
  File "/Users/madhushreegm/Desktop/infra.ai_backend/.venv/lib/python3.9/site-packages/botocore/client.py", line 569, in _api_call
    return self._make_api_call(operation_name, kwargs)
  File "/Users/madhushreegm/Desktop/infra.ai_backend/.venv/lib/python3.9/site-packages/botocore/client.py", line 1005, in _make_api_call
    http, parsed_response = self._make_request(
  File "/Users/madhushreegm/Desktop/infra.ai_backend/.venv/lib/python3.9/site-packages/botocore/client.py", line 1029, in _make_request
    return self._endpoint.make_request(operation_model, request_dict)
  File "/Users/madhushreegm/Desktop/infra.ai_backend/.venv/lib/python3.9/site-packages/botocore/endpoint.py", line 119, in make_request
    return self._send_request(request_dict, operation_model)
  File "/Users/madhushreegm/Desktop/infra.ai_backend/.venv/lib/python3.9/site-packages/botocore/endpoint.py", line 200, in _send_request
    while self._needs_retry(
  File "/Users/madhushreegm/Desktop/infra.ai_backend/.venv/lib/python3.9/site-packages/botocore/endpoint.py", line 360, in _needs_retry
    responses = self._event_emitter.emit(
  File "/Users/madhushreegm/Desktop/infra.ai_backend/.venv/lib/python3.9/site-packages/botocore/hooks.py", line 412, in emit
    return self._emitter.emit(aliased_event_name, **kwargs)
  File "/Users/madhushreegm/Desktop/infra.ai_backend/.venv/lib/python3.9/site-packages/botocore/hooks.py", line 256, in emit
    return self._emit(event_name, kwargs)
  File "/Users/madhushreegm/Desktop/infra.ai_backend/.venv/lib/python3.9/site-packages/botocore/hooks.py", line 239, in _emit
    response = handler(**kwargs)
  File "/Users/madhushreegm/Desktop/infra.ai_backend/.venv/lib/python3.9/site-packages/botocore/retryhandler.py", line 207, in __call__
    if self._checker(**checker_kwargs):
  File "/Users/madhushreegm/Desktop/infra.ai_backend/.venv/lib/python3.9/site-packages/botocore/retryhandler.py", line 284, in __call__
    should_retry = self._should_retry(
  File "/Users/madhushreegm/Desktop/infra.ai_backend/.venv/lib/python3.9/site-packages/botocore/retryhandler.py", line 320, in _should_retry
    return self._checker(attempt_number, response, caught_exception)
  File "/Users/madhushreegm/Desktop/infra.ai_backend/.venv/lib/python3.9/site-packages/botocore/retryhandler.py", line 363, in __call__
    checker_response = checker(
  File "/Users/madhushreegm/Desktop/infra.ai_backend/.venv/lib/python3.9/site-packages/botocore/retryhandler.py", line 247, in __call__
    return self._check_caught_exception(
  File "/Users/madhushreegm/Desktop/infra.ai_backend/.venv/lib/python3.9/site-packages/botocore/retryhandler.py", line 416, in _check_caught_exception
    raise caught_exception
  File "/Users/madhushreegm/Desktop/infra.ai_backend/.venv/lib/python3.9/site-packages/botocore/endpoint.py", line 279, in _do_get_response
    http_response = self._send(request)
  File "/Users/madhushreegm/Desktop/infra.ai_backend/.venv/lib/python3.9/site-packages/botocore/endpoint.py", line 383, in _send
    return self.http_session.send(request)
  File "/Users/madhushreegm/Desktop/infra.ai_backend/.venv/lib/python3.9/site-packages/botocore/httpsession.py", line 501, in send
    raise ReadTimeoutError(endpoint_url=request.url, error=e)
botocore.exceptions.ReadTimeoutError: Read timeout on endpoint URL: "https://sqs.ap-south-1.amazonaws.com/"
2025-09-29 01:58:16,907 ERROR Worker loop unexpected error: Read timeout on endpoint URL: "https://sqs.ap-south-1.amazonaws.com/"
Traceback (most recent call last):
  File "/Users/madhushreegm/Desktop/infra.ai_backend/.venv/lib/python3.9/site-packages/urllib3/connectionpool.py", line 468, in _make_request
    six.raise_from(e, None)
  File "<string>", line 3, in raise_from
  File "/Users/madhushreegm/Desktop/infra.ai_backend/.venv/lib/python3.9/site-packages/urllib3/connectionpool.py", line 463, in _make_request
    httplib_response = conn.getresponse()
  File "/Library/Developer/CommandLineTools/Library/Frameworks/Python3.framework/Versions/3.9/lib/python3.9/http/client.py", line 1349, in getresponse
    response.begin()
  File "/Library/Developer/CommandLineTools/Library/Frameworks/Python3.framework/Versions/3.9/lib/python3.9/http/client.py", line 316, in begin
    version, status, reason = self._read_status()
  File "/Library/Developer/CommandLineTools/Library/Frameworks/Python3.framework/Versions/3.9/lib/python3.9/http/client.py", line 277, in _read_status
    line = str(self.fp.readline(_MAXLINE + 1), "iso-8859-1")
  File "/Library/Developer/CommandLineTools/Library/Frameworks/Python3.framework/Versions/3.9/lib/python3.9/socket.py", line 704, in readinto
    return self._sock.recv_into(b)
  File "/Library/Developer/CommandLineTools/Library/Frameworks/Python3.framework/Versions/3.9/lib/python3.9/ssl.py", line 1241, in recv_into
    return self.read(nbytes, buffer)
  File "/Library/Developer/CommandLineTools/Library/Frameworks/Python3.framework/Versions/3.9/lib/python3.9/ssl.py", line 1099, in read
    return self._sslobj.read(len, buffer)
socket.timeout: The read operation timed out

During handling of the above exception, another exception occurred:

Traceback (most recent call last):
  File "/Users/madhushreegm/Desktop/infra.ai_backend/.venv/lib/python3.9/site-packages/botocore/httpsession.py", line 464, in send
    urllib_response = conn.urlopen(
  File "/Users/madhushreegm/Desktop/infra.ai_backend/.venv/lib/python3.9/site-packages/urllib3/connectionpool.py", line 802, in urlopen
    retries = retries.increment(
  File "/Users/madhushreegm/Desktop/infra.ai_backend/.venv/lib/python3.9/site-packages/urllib3/util/retry.py", line 527, in increment
    raise six.reraise(type(error), error, _stacktrace)
  File "/Users/madhushreegm/Desktop/infra.ai_backend/.venv/lib/python3.9/site-packages/urllib3/packages/six.py", line 770, in reraise
    raise value
  File "/Users/madhushreegm/Desktop/infra.ai_backend/.venv/lib/python3.9/site-packages/urllib3/connectionpool.py", line 716, in urlopen
    httplib_response = self._make_request(
  File "/Users/madhushreegm/Desktop/infra.ai_backend/.venv/lib/python3.9/site-packages/urllib3/connectionpool.py", line 470, in _make_request
    self._raise_timeout(err=e, url=url, timeout_value=read_timeout)
  File "/Users/madhushreegm/Desktop/infra.ai_backend/.venv/lib/python3.9/site-packages/urllib3/connectionpool.py", line 358, in _raise_timeout
    raise ReadTimeoutError(
urllib3.exceptions.ReadTimeoutError: AWSHTTPSConnectionPool(host='sqs.ap-south-1.amazonaws.com', port=443): Read timed out. (read timeout=60)

During handling of the above exception, another exception occurred:

Traceback (most recent call last):
  File "/Users/madhushreegm/Desktop/infra.ai_backend copy/worker.py", line 509, in worker_loop
    messages = queue.receive_messages(
  File "/Users/madhushreegm/Desktop/infra.ai_backend/.venv/lib/python3.9/site-packages/boto3/resources/factory.py", line 581, in do_action
    response = action(self, *args, **kwargs)
  File "/Users/madhushreegm/Desktop/infra.ai_backend/.venv/lib/python3.9/site-packages/boto3/resources/action.py", line 88, in __call__
    response = getattr(parent.meta.client, operation_name)(*args, **params)
  File "/Users/madhushreegm/Desktop/infra.ai_backend/.venv/lib/python3.9/site-packages/botocore/client.py", line 569, in _api_call
    return self._make_api_call(operation_name, kwargs)
  File "/Users/madhushreegm/Desktop/infra.ai_backend/.venv/lib/python3.9/site-packages/botocore/client.py", line 1005, in _make_api_call
    http, parsed_response = self._make_request(
  File "/Users/madhushreegm/Desktop/infra.ai_backend/.venv/lib/python3.9/site-packages/botocore/client.py", line 1029, in _make_request
    return self._endpoint.make_request(operation_model, request_dict)
  File "/Users/madhushreegm/Desktop/infra.ai_backend/.venv/lib/python3.9/site-packages/botocore/endpoint.py", line 119, in make_request
    return self._send_request(request_dict, operation_model)
  File "/Users/madhushreegm/Desktop/infra.ai_backend/.venv/lib/python3.9/site-packages/botocore/endpoint.py", line 200, in _send_request
    while self._needs_retry(
  File "/Users/madhushreegm/Desktop/infra.ai_backend/.venv/lib/python3.9/site-packages/botocore/endpoint.py", line 360, in _needs_retry
    responses = self._event_emitter.emit(
  File "/Users/madhushreegm/Desktop/infra.ai_backend/.venv/lib/python3.9/site-packages/botocore/hooks.py", line 412, in emit
    return self._emitter.emit(aliased_event_name, **kwargs)
  File "/Users/madhushreegm/Desktop/infra.ai_backend/.venv/lib/python3.9/site-packages/botocore/hooks.py", line 256, in emit
    return self._emit(event_name, kwargs)
  File "/Users/madhushreegm/Desktop/infra.ai_backend/.venv/lib/python3.9/site-packages/botocore/hooks.py", line 239, in _emit
    response = handler(**kwargs)
  File "/Users/madhushreegm/Desktop/infra.ai_backend/.venv/lib/python3.9/site-packages/botocore/retryhandler.py", line 207, in __call__
    if self._checker(**checker_kwargs):
  File "/Users/madhushreegm/Desktop/infra.ai_backend/.venv/lib/python3.9/site-packages/botocore/retryhandler.py", line 284, in __call__
    should_retry = self._should_retry(
  File "/Users/madhushreegm/Desktop/infra.ai_backend/.venv/lib/python3.9/site-packages/botocore/retryhandler.py", line 320, in _should_retry
    return self._checker(attempt_number, response, caught_exception)
  File "/Users/madhushreegm/Desktop/infra.ai_backend/.venv/lib/python3.9/site-packages/botocore/retryhandler.py", line 363, in __call__
    checker_response = checker(
  File "/Users/madhushreegm/Desktop/infra.ai_backend/.venv/lib/python3.9/site-packages/botocore/retryhandler.py", line 247, in __call__
    return self._check_caught_exception(
  File "/Users/madhushreegm/Desktop/infra.ai_backend/.venv/lib/python3.9/site-packages/botocore/retryhandler.py", line 416, in _check_caught_exception
    raise caught_exception
  File "/Users/madhushreegm/Desktop/infra.ai_backend/.venv/lib/python3.9/site-packages/botocore/endpoint.py", line 279, in _do_get_response
    http_response = self._send(request)
  File "/Users/madhushreegm/Desktop/infra.ai_backend/.venv/lib/python3.9/site-packages/botocore/endpoint.py", line 383, in _send
    return self.http_session.send(request)
  File "/Users/madhushreegm/Desktop/infra.ai_backend/.venv/lib/python3.9/site-packages/botocore/httpsession.py", line 501, in send
    raise ReadTimeoutError(endpoint_url=request.url, error=e)
botocore.exceptions.ReadTimeoutError: Read timeout on endpoint URL: "https://sqs.ap-south-1.amazonaws.com/"
2025-09-29 08:31:49,733 ERROR Worker loop unexpected error: Read timeout on endpoint URL: "https://sqs.ap-south-1.amazonaws.com/"
Traceback (most recent call last):
  File "/Users/madhushreegm/Desktop/infra.ai_backend/.venv/lib/python3.9/site-packages/urllib3/connectionpool.py", line 468, in _make_request
    six.raise_from(e, None)
  File "<string>", line 3, in raise_from
  File "/Users/madhushreegm/Desktop/infra.ai_backend/.venv/lib/python3.9/site-packages/urllib3/connectionpool.py", line 463, in _make_request
    httplib_response = conn.getresponse()
  File "/Library/Developer/CommandLineTools/Library/Frameworks/Python3.framework/Versions/3.9/lib/python3.9/http/client.py", line 1349, in getresponse
    response.begin()
  File "/Library/Developer/CommandLineTools/Library/Frameworks/Python3.framework/Versions/3.9/lib/python3.9/http/client.py", line 316, in begin
    version, status, reason = self._read_status()
  File "/Library/Developer/CommandLineTools/Library/Frameworks/Python3.framework/Versions/3.9/lib/python3.9/http/client.py", line 277, in _read_status
    line = str(self.fp.readline(_MAXLINE + 1), "iso-8859-1")
  File "/Library/Developer/CommandLineTools/Library/Frameworks/Python3.framework/Versions/3.9/lib/python3.9/socket.py", line 704, in readinto
    return self._sock.recv_into(b)
  File "/Library/Developer/CommandLineTools/Library/Frameworks/Python3.framework/Versions/3.9/lib/python3.9/ssl.py", line 1241, in recv_into
    return self.read(nbytes, buffer)
  File "/Library/Developer/CommandLineTools/Library/Frameworks/Python3.framework/Versions/3.9/lib/python3.9/ssl.py", line 1099, in read
    return self._sslobj.read(len, buffer)
socket.timeout: The read operation timed out

During handling of the above exception, another exception occurred:

Traceback (most recent call last):
  File "/Users/madhushreegm/Desktop/infra.ai_backend/.venv/lib/python3.9/site-packages/botocore/httpsession.py", line 464, in send
    urllib_response = conn.urlopen(
  File "/Users/madhushreegm/Desktop/infra.ai_backend/.venv/lib/python3.9/site-packages/urllib3/connectionpool.py", line 802, in urlopen
    retries = retries.increment(
  File "/Users/madhushreegm/Desktop/infra.ai_backend/.venv/lib/python3.9/site-packages/urllib3/util/retry.py", line 527, in increment
    raise six.reraise(type(error), error, _stacktrace)
  File "/Users/madhushreegm/Desktop/infra.ai_backend/.venv/lib/python3.9/site-packages/urllib3/packages/six.py", line 770, in reraise
    raise value
  File "/Users/madhushreegm/Desktop/infra.ai_backend/.venv/lib/python3.9/site-packages/urllib3/connectionpool.py", line 716, in urlopen
    httplib_response = self._make_request(
  File "/Users/madhushreegm/Desktop/infra.ai_backend/.venv/lib/python3.9/site-packages/urllib3/connectionpool.py", line 470, in _make_request
    self._raise_timeout(err=e, url=url, timeout_value=read_timeout)
  File "/Users/madhushreegm/Desktop/infra.ai_backend/.venv/lib/python3.9/site-packages/urllib3/connectionpool.py", line 358, in _raise_timeout
    raise ReadTimeoutError(
urllib3.exceptions.ReadTimeoutError: AWSHTTPSConnectionPool(host='sqs.ap-south-1.amazonaws.com', port=443): Read timed out. (read timeout=60)

During handling of the above exception, another exception occurred:

Traceback (most recent call last):
  File "/Users/madhushreegm/Desktop/infra.ai_backend copy/worker.py", line 509, in worker_loop
    messages = queue.receive_messages(
  File "/Users/madhushreegm/Desktop/infra.ai_backend/.venv/lib/python3.9/site-packages/boto3/resources/factory.py", line 581, in do_action
    response = action(self, *args, **kwargs)
  File "/Users/madhushreegm/Desktop/infra.ai_backend/.venv/lib/python3.9/site-packages/boto3/resources/action.py", line 88, in __call__
    response = getattr(parent.meta.client, operation_name)(*args, **params)
  File "/Users/madhushreegm/Desktop/infra.ai_backend/.venv/lib/python3.9/site-packages/botocore/client.py", line 569, in _api_call
    return self._make_api_call(operation_name, kwargs)
  File "/Users/madhushreegm/Desktop/infra.ai_backend/.venv/lib/python3.9/site-packages/botocore/client.py", line 1005, in _make_api_call
    http, parsed_response = self._make_request(
  File "/Users/madhushreegm/Desktop/infra.ai_backend/.venv/lib/python3.9/site-packages/botocore/client.py", line 1029, in _make_request
    return self._endpoint.make_request(operation_model, request_dict)
  File "/Users/madhushreegm/Desktop/infra.ai_backend/.venv/lib/python3.9/site-packages/botocore/endpoint.py", line 119, in make_request
    return self._send_request(request_dict, operation_model)
  File "/Users/madhushreegm/Desktop/infra.ai_backend/.venv/lib/python3.9/site-packages/botocore/endpoint.py", line 200, in _send_request
    while self._needs_retry(
  File "/Users/madhushreegm/Desktop/infra.ai_backend/.venv/lib/python3.9/site-packages/botocore/endpoint.py", line 360, in _needs_retry
    responses = self._event_emitter.emit(
  File "/Users/madhushreegm/Desktop/infra.ai_backend/.venv/lib/python3.9/site-packages/botocore/hooks.py", line 412, in emit
    return self._emitter.emit(aliased_event_name, **kwargs)
  File "/Users/madhushreegm/Desktop/infra.ai_backend/.venv/lib/python3.9/site-packages/botocore/hooks.py", line 256, in emit
    return self._emit(event_name, kwargs)
  File "/Users/madhushreegm/Desktop/infra.ai_backend/.venv/lib/python3.9/site-packages/botocore/hooks.py", line 239, in _emit
    response = handler(**kwargs)
  File "/Users/madhushreegm/Desktop/infra.ai_backend/.venv/lib/python3.9/site-packages/botocore/retryhandler.py", line 207, in __call__
    if self._checker(**checker_kwargs):
  File "/Users/madhushreegm/Desktop/infra.ai_backend/.venv/lib/python3.9/site-packages/botocore/retryhandler.py", line 284, in __call__
    should_retry = self._should_retry(
  File "/Users/madhushreegm/Desktop/infra.ai_backend/.venv/lib/python3.9/site-packages/botocore/retryhandler.py", line 320, in _should_retry
    return self._checker(attempt_number, response, caught_exception)
  File "/Users/madhushreegm/Desktop/infra.ai_backend/.venv/lib/python3.9/site-packages/botocore/retryhandler.py", line 363, in __call__
    checker_response = checker(
  File "/Users/madhushreegm/Desktop/infra.ai_backend/.venv/lib/python3.9/site-packages/botocore/retryhandler.py", line 247, in __call__
    return self._check_caught_exception(
  File "/Users/madhushreegm/Desktop/infra.ai_backend/.venv/lib/python3.9/site-packages/botocore/retryhandler.py", line 416, in _check_caught_exception
    raise caught_exception
  File "/Users/madhushreegm/Desktop/infra.ai_backend/.venv/lib/python3.9/site-packages/botocore/endpoint.py", line 279, in _do_get_response
    http_response = self._send(request)
  File "/Users/madhushreegm/Desktop/infra.ai_backend/.venv/lib/python3.9/site-packages/botocore/endpoint.py", line 383, in _send
    return self.http_session.send(request)
  File "/Users/madhushreegm/Desktop/infra.ai_backend/.venv/lib/python3.9/site-packages/botocore/httpsession.py", line 501, in send
    raise ReadTimeoutError(endpoint_url=request.url, error=e)
botocore.exceptions.ReadTimeoutError: Read timeout on endpoint URL: "https://sqs.ap-south-1.amazonaws.com/"
2025-09-29 10:29:43,826 DEBUG No messages received; continuing
2025-09-29 11:24:30,290 DEBUG No messages received; continuing
2025-10-04 17:11:33,599 INFO Worker started - monitoring incident queue
2025-10-04 17:11:54,298 DEBUG No messages received; continuing
2025-10-04 17:12:14,537 DEBUG No messages received; continuing
2025-10-04 17:12:35,584 DEBUG No messages received; continuing
2025-10-04 17:12:55,857 DEBUG No messages received; continuing
2025-10-04 17:13:16,107 DEBUG No messages received; continuing
2025-10-04 17:13:37,690 DEBUG No messages received; continuing
2025-10-04 17:13:58,017 DEBUG No messages received; continuing
2025-10-04 17:14:18,242 DEBUG No messages received; continuing
2025-10-04 17:14:39,141 DEBUG No messages received; continuing
2025-10-04 17:14:59,385 DEBUG No messages received; continuing
2025-10-04 17:15:19,633 DEBUG No messages received; continuing
2025-10-04 17:15:40,576 DEBUG No messages received; continuing
2025-10-04 17:16:00,841 DEBUG No messages received; continuing
2025-10-04 17:16:21,072 DEBUG No messages received; continuing
2025-10-04 17:16:41,521 DEBUG No messages received; continuing
2025-10-04 17:17:04,276 DEBUG No messages received; continuing
2025-10-04 17:17:24,538 DEBUG No messages received; continuing
2025-10-04 17:17:44,766 DEBUG No messages received; continuing
2025-10-04 17:18:05,574 DEBUG No messages received; continuing
2025-10-04 17:18:25,801 DEBUG No messages received; continuing
2025-10-04 17:18:47,439 DEBUG No messages received; continuing
2025-10-04 17:19:07,689 DEBUG No messages received; continuing
2025-10-04 17:19:27,916 DEBUG No messages received; continuing
2025-10-04 17:19:49,098 DEBUG No messages received; continuing
2025-10-04 17:20:09,375 DEBUG No messages received; continuing
2025-10-04 17:20:29,591 DEBUG No messages received; continuing
2025-10-04 17:20:49,941 DEBUG No messages received; continuing
2025-10-04 17:21:10,563 DEBUG No messages received; continuing
2025-12-13 12:12:42,004 INFO Worker started - monitoring incident queue
2025-12-13 12:13:02,377 DEBUG No messages received; continuing
2025-12-13 12:13:24,134 DEBUG No messages received; continuing
2025-12-13 12:13:44,919 DEBUG No messages received; continuing
2025-12-13 12:14:05,131 DEBUG No messages received; continuing
2025-12-13 12:14:25,586 DEBUG No messages received; continuing
2025-12-13 12:14:45,815 DEBUG No messages received; continuing
2025-12-13 12:15:06,059 DEBUG No messages received; continuing
2025-12-13 12:15:26,262 DEBUG No messages received; continuing
2025-12-13 12:15:47,063 DEBUG No messages received; continuing
2025-12-13 12:16:07,318 DEBUG No messages received; continuing
2025-12-13 12:16:27,826 DEBUG No messages received; continuing
2025-12-13 12:16:48,054 DEBUG No messages received; continuing
2025-12-13 12:17:08,982 DEBUG No messages received; continuing
2025-12-13 12:17:29,257 DEBUG No messages received; continuing
2025-12-13 12:17:49,466 DEBUG No messages received; continuing
2025-12-13 12:18:09,686 DEBUG No messages received; continuing
2025-12-13 12:18:29,914 DEBUG No messages received; continuing
2025-12-13 12:18:50,169 DEBUG No messages received; continuing
2025-12-13 12:19:10,691 DEBUG No messages received; continuing
2025-12-13 12:19:31,335 DEBUG No messages received; continuing
2025-12-13 12:19:51,564 DEBUG No messages received; continuing
2025-12-13 12:20:12,146 DEBUG No messages received; continuing
2025-12-13 12:20:32,347 DEBUG No messages received; continuing
2025-12-13 12:20:52,575 DEBUG No messages received; continuing
2025-12-13 12:21:12,824 DEBUG No messages received; continuing
2025-12-13 12:21:33,064 DEBUG No messages received; continuing
2025-12-13 12:21:53,437 DEBUG No messages received; continuing
2025-12-13 12:22:13,681 DEBUG No messages received; continuing
2025-12-13 12:22:33,948 DEBUG No messages received; continuing
2025-12-13 12:22:54,229 DEBUG No messages received; continuing
2025-12-13 12:23:14,474 DEBUG No messages received; continuing
2025-12-13 12:23:34,695 DEBUG No messages received; continuing
2025-12-13 12:23:54,981 DEBUG No messages received; continuing
2025-12-13 12:24:03,203 INFO Worker started - monitoring incident queue
2025-12-13 12:24:23,495 DEBUG No messages received; continuing
2025-12-13 12:24:43,721 DEBUG No messages received; continuing
2025-12-13 12:25:04,047 DEBUG No messages received; continuing
2025-12-13 12:25:24,626 DEBUG No messages received; continuing
2025-12-13 12:25:44,849 DEBUG No messages received; continuing
2025-12-13 12:26:05,074 DEBUG No messages received; continuing
2025-12-13 12:26:25,303 DEBUG No messages received; continuing
2025-12-13 12:26:45,875 DEBUG No messages received; continuing
2025-12-13 12:27:06,087 DEBUG No messages received; continuing
2025-12-13 12:27:27,111 DEBUG No messages received; continuing
2025-12-13 12:27:47,349 DEBUG No messages received; continuing
2025-12-13 12:28:07,561 DEBUG No messages received; continuing
2025-12-13 12:28:27,830 DEBUG No messages received; continuing
2025-12-13 12:28:48,127 DEBUG No messages received; continuing
2025-12-13 12:29:09,621 DEBUG No messages received; continuing
2025-12-13 12:29:29,912 DEBUG No messages received; continuing
2025-12-13 12:29:50,966 DEBUG No messages received; continuing
2025-12-13 12:30:11,197 DEBUG No messages received; continuing
2025-12-13 12:30:31,948 DEBUG No messages received; continuing
2025-12-13 12:30:52,206 DEBUG No messages received; continuing
2025-12-13 12:31:12,431 DEBUG No messages received; continuing
2025-12-13 12:31:32,634 DEBUG No messages received; continuing
2025-12-13 12:31:52,872 DEBUG No messages received; continuing
2025-12-13 12:32:13,071 DEBUG No messages received; continuing
2025-12-13 12:32:33,415 DEBUG No messages received; continuing
2025-12-13 12:32:53,613 DEBUG No messages received; continuing
2025-12-13 12:33:00,015 INFO Worker started - monitoring incident queue
2025-12-13 12:33:20,381 DEBUG No messages received; continuing
2025-12-13 12:33:40,947 DEBUG No messages received; continuing
2025-12-13 12:34:01,177 DEBUG No messages received; continuing
2025-12-13 12:34:21,368 DEBUG No messages received; continuing
2025-12-13 12:34:41,575 DEBUG No messages received; continuing
2025-12-13 12:35:01,817 DEBUG No messages received; continuing
2025-12-13 12:35:22,191 DEBUG No messages received; continuing
2025-12-13 12:35:42,433 DEBUG No messages received; continuing
2025-12-13 12:36:02,650 DEBUG No messages received; continuing
2025-12-13 12:36:22,883 DEBUG No messages received; continuing
2025-12-13 12:36:38,900 INFO Worker started - monitoring incident queue
2025-12-13 12:36:59,185 DEBUG No messages received; continuing
2025-12-13 12:37:19,498 DEBUG No messages received; continuing
2025-12-13 12:37:39,867 DEBUG No messages received; continuing
2025-12-13 12:38:00,128 DEBUG No messages received; continuing
2025-12-13 12:38:20,331 DEBUG No messages received; continuing
2025-12-13 12:38:40,557 DEBUG No messages received; continuing
2025-12-13 12:39:00,788 DEBUG No messages received; continuing
2025-12-13 12:39:21,055 DEBUG No messages received; continuing
2025-12-13 12:39:41,278 DEBUG No messages received; continuing
2025-12-13 12:40:01,525 DEBUG No messages received; continuing
2025-12-13 12:40:21,757 DEBUG No messages received; continuing
2025-12-13 12:40:42,515 DEBUG No messages received; continuing
2025-12-13 12:41:03,218 DEBUG No messages received; continuing
2025-12-13 12:41:23,458 DEBUG No messages received; continuing
2025-12-13 12:41:43,930 DEBUG No messages received; continuing
2025-12-13 12:42:04,159 DEBUG No messages received; continuing
2025-12-13 12:42:24,859 DEBUG No messages received; continuing
